<?xml version="1.0" encoding="UTF-8"?>
<!-- Generated by org.testng.reporters.JUnitXMLReporter -->
<testsuite hostname="DESKTOP-0TCCTUB" ignored="0" name="Default test" tests="3" failures="0" timestamp="2021-03-27T09:51:11 IST" time="77.596" errors="0">
  <testcase name="statement_Collection_Click" time="23.755" classname="Transactions.StatementCollection_Parametarization"/>
  <testcase name="statementCollectionCreate" time="11.0" classname="Transactions.StatementCollection_Parametarization"/>
  <testcase name="statementCollectionCreate" time="16.108" classname="Transactions.StatementCollection_Parametarization"/>
</testsuite> <!-- Default test -->
