<?xml version="1.0" encoding="UTF-8"?>
<!-- Generated by org.testng.reporters.JUnitXMLReporter -->
<testsuite hostname="DESKTOP-0TCCTUB" ignored="3" name="Test_Groupins" tests="3" failures="0" timestamp="2021-03-23T12:34:00 IST" time="0.13" errors="0">
  <testcase name="Test1" time="0.014" classname="test.Groupings"/>
  <testcase name="Test2" time="0.005" classname="test.Groupings"/>
  <testcase name="Test6" time="0.006" classname="test.Groupings"/>
  <testcase name="Test4" time="0.0" classname="test.Groupings">
    <ignored/>
  </testcase> <!-- Test4 -->
  <testcase name="Test3" time="0.0" classname="test.Groupings">
    <ignored/>
  </testcase> <!-- Test3 -->
  <testcase name="Test5" time="0.0" classname="test.Groupings">
    <ignored/>
  </testcase> <!-- Test5 -->
</testsuite> <!-- Test_Groupins -->
