<?xml version="1.0" encoding="UTF-8"?>
<testng-results skipped="0" failed="0" ignored="0" total="3" passed="3">
  <reporter-output>
  </reporter-output>
  <suite name="Default suite" duration-ms="77596" started-at="2021-03-27T09:49:53 IST" finished-at="2021-03-27T09:51:11 IST">
    <groups>
    </groups>
    <test name="Default test" duration-ms="77596" started-at="2021-03-27T09:49:53 IST" finished-at="2021-03-27T09:51:11 IST">
      <class name="Transactions.StatementCollection_Parametarization">
        <test-method status="PASS" signature="beforeSuite()[pri:0, instance:Transactions.StatementCollection_Parametarization@e25951c]" name="beforeSuite" is-config="true" duration-ms="26" started-at="2021-03-27T09:49:53 IST" finished-at="2021-03-27T09:49:53 IST">
          <reporter-output>
          </reporter-output>
        </test-method> <!-- beforeSuite -->
        <test-method status="PASS" signature="BeforeTest()[pri:0, instance:Transactions.StatementCollection_Parametarization@e25951c]" name="BeforeTest" is-config="true" duration-ms="23740" started-at="2021-03-27T09:49:53 IST" finished-at="2021-03-27T09:50:17 IST">
          <reporter-output>
          </reporter-output>
        </test-method> <!-- BeforeTest -->
        <test-method status="PASS" signature="beforeMethod(java.lang.reflect.Method)[pri:0, instance:Transactions.StatementCollection_Parametarization@e25951c]" name="beforeMethod" is-config="true" duration-ms="3" started-at="2021-03-27T09:50:17 IST" finished-at="2021-03-27T09:50:17 IST">
          <params>
            <param index="0">
              <value>
                <![CDATA[public void Transactions.StatementCollection_Parametarization.statement_Collection_Click() throws java.lang.InterruptedException,java.io.IOException]]>
              </value>
            </param>
          </params>
          <reporter-output>
          </reporter-output>
        </test-method> <!-- beforeMethod -->
        <test-method status="PASS" signature="statement_Collection_Click()[pri:0, instance:Transactions.StatementCollection_Parametarization@e25951c]" name="statement_Collection_Click" duration-ms="23755" started-at="2021-03-27T09:50:17 IST" finished-at="2021-03-27T09:50:41 IST">
          <reporter-output>
          </reporter-output>
        </test-method> <!-- statement_Collection_Click -->
        <test-method status="PASS" signature="beforeMethod(java.lang.reflect.Method)[pri:0, instance:Transactions.StatementCollection_Parametarization@e25951c]" name="beforeMethod" is-config="true" duration-ms="1" started-at="2021-03-27T09:50:42 IST" finished-at="2021-03-27T09:50:42 IST">
          <params>
            <param index="0">
              <value>
                <![CDATA[public void Transactions.StatementCollection_Parametarization.statementCollectionCreate(java.lang.String,java.lang.String,java.lang.String)]]>
              </value>
            </param>
          </params>
          <reporter-output>
          </reporter-output>
        </test-method> <!-- beforeMethod -->
        <test-method status="PASS" signature="statementCollectionCreate(java.lang.String, java.lang.String, java.lang.String)[pri:1, instance:Transactions.StatementCollection_Parametarization@e25951c]" name="statementCollectionCreate" duration-ms="11000" started-at="2021-03-27T09:50:42 IST" data-provider="statementCollect" finished-at="2021-03-27T09:50:53 IST">
          <params>
            <param index="0">
              <value>
                <![CDATA[MZ-0004]]>
              </value>
            </param>
            <param index="1">
              <value>
                <![CDATA[STA00006]]>
              </value>
            </param>
            <param index="2">
              <value>
                <![CDATA[11]]>
              </value>
            </param>
          </params>
          <reporter-output>
          </reporter-output>
        </test-method> <!-- statementCollectionCreate -->
        <test-method status="PASS" signature="beforeMethod(java.lang.reflect.Method)[pri:0, instance:Transactions.StatementCollection_Parametarization@e25951c]" name="beforeMethod" is-config="true" duration-ms="1" started-at="2021-03-27T09:50:53 IST" finished-at="2021-03-27T09:50:53 IST">
          <params>
            <param index="0">
              <value>
                <![CDATA[public void Transactions.StatementCollection_Parametarization.statementCollectionCreate(java.lang.String,java.lang.String,java.lang.String)]]>
              </value>
            </param>
          </params>
          <reporter-output>
          </reporter-output>
        </test-method> <!-- beforeMethod -->
        <test-method status="PASS" signature="statementCollectionCreate(java.lang.String, java.lang.String, java.lang.String)[pri:1, instance:Transactions.StatementCollection_Parametarization@e25951c]" name="statementCollectionCreate" duration-ms="16108" started-at="2021-03-27T09:50:53 IST" data-provider="statementCollect" finished-at="2021-03-27T09:51:09 IST">
          <params>
            <param index="0">
              <value>
                <![CDATA[MZ-0005]]>
              </value>
            </param>
            <param index="1">
              <value>
                <![CDATA[STA00007]]>
              </value>
            </param>
            <param index="2">
              <value>
                <![CDATA[2]]>
              </value>
            </param>
          </params>
          <reporter-output>
          </reporter-output>
        </test-method> <!-- statementCollectionCreate -->
        <test-method status="PASS" signature="teardown()[pri:0, instance:Transactions.StatementCollection_Parametarization@e25951c]" name="teardown" is-config="true" duration-ms="1980" started-at="2021-03-27T09:51:09 IST" finished-at="2021-03-27T09:51:11 IST">
          <reporter-output>
          </reporter-output>
        </test-method> <!-- teardown -->
        <test-method status="FAIL" signature="closeBrosers()[pri:0, instance:Transactions.StatementCollection_Parametarization@e25951c]" name="closeBrosers" is-config="true" duration-ms="68" started-at="2021-03-27T09:51:11 IST" finished-at="2021-03-27T09:51:11 IST">
          <exception class="org.openqa.selenium.NoSuchSessionException">
            <message>
              <![CDATA[Session ID is null. Using WebDriver after calling quit()?
Build info: version: '3.141.59', revision: 'e82be7d358', time: '2018-11-14T08:17:03'
System info: host: 'DESKTOP-0TCCTUB', ip: '192.168.43.142', os.name: 'Windows 10', os.arch: 'amd64', os.version: '10.0', java.version: '1.8.0_281'
Driver info: driver.version: RemoteWebDriver]]>
            </message>
            <full-stacktrace>
              <![CDATA[org.openqa.selenium.NoSuchSessionException: Session ID is null. Using WebDriver after calling quit()?
Build info: version: '3.141.59', revision: 'e82be7d358', time: '2018-11-14T08:17:03'
System info: host: 'DESKTOP-0TCCTUB', ip: '192.168.43.142', os.name: 'Windows 10', os.arch: 'amd64', os.version: '10.0', java.version: '1.8.0_281'
Driver info: driver.version: RemoteWebDriver
at org.openqa.selenium.remote.HttpCommandExecutor.execute(HttpCommandExecutor.java:125)
at org.openqa.selenium.remote.service.DriverCommandExecutor.execute(DriverCommandExecutor.java:83)
at org.openqa.selenium.remote.RemoteWebDriver.execute(RemoteWebDriver.java:552)
at org.openqa.selenium.remote.RemoteWebDriver.execute(RemoteWebDriver.java:609)
at org.openqa.selenium.remote.RemoteWebDriver.close(RemoteWebDriver.java:442)
at testapplication.baseClass.closeBrosers(baseClass.java:77)
at sun.reflect.NativeMethodAccessorImpl.invoke0(Native Method)
at sun.reflect.NativeMethodAccessorImpl.invoke(Unknown Source)
at sun.reflect.DelegatingMethodAccessorImpl.invoke(Unknown Source)
at java.lang.reflect.Method.invoke(Unknown Source)
at org.testng.internal.MethodInvocationHelper.invokeMethod(MethodInvocationHelper.java:132)
at org.testng.internal.MethodInvocationHelper.invokeMethodConsideringTimeout(MethodInvocationHelper.java:61)
at org.testng.internal.ConfigInvoker.invokeConfigurationMethod(ConfigInvoker.java:366)
at org.testng.internal.ConfigInvoker.invokeConfigurations(ConfigInvoker.java:320)
at org.testng.SuiteRunner.privateRun(SuiteRunner.java:351)
at org.testng.SuiteRunner.run(SuiteRunner.java:286)
at org.testng.SuiteRunnerWorker.runSuite(SuiteRunnerWorker.java:53)
at org.testng.SuiteRunnerWorker.run(SuiteRunnerWorker.java:96)
at org.testng.TestNG.runSuitesSequentially(TestNG.java:1218)
at org.testng.TestNG.runSuitesLocally(TestNG.java:1140)
at org.testng.TestNG.runSuites(TestNG.java:1069)
at org.testng.TestNG.run(TestNG.java:1037)
at org.testng.remote.AbstractRemoteTestNG.run(AbstractRemoteTestNG.java:115)
at org.testng.remote.RemoteTestNG.initAndRun(RemoteTestNG.java:251)
at org.testng.remote.RemoteTestNG.main(RemoteTestNG.java:77)
]]>
            </full-stacktrace>
          </exception> <!-- org.openqa.selenium.NoSuchSessionException -->
          <reporter-output>
          </reporter-output>
        </test-method> <!-- closeBrosers -->
      </class> <!-- Transactions.StatementCollection_Parametarization -->
    </test> <!-- Default test -->
  </suite> <!-- Default suite -->
</testng-results>
