<?xml version="1.0" encoding="UTF-8"?>
<testng-results skipped="0" failed="0" ignored="0" total="1" passed="1">
  <reporter-output>
  </reporter-output>
  <suite name="Default suite" duration-ms="26089" started-at="2021-03-23T18:25:31 IST" finished-at="2021-03-23T18:25:57 IST">
    <groups>
    </groups>
    <test name="Default test" duration-ms="26089" started-at="2021-03-23T18:25:31 IST" finished-at="2021-03-23T18:25:57 IST">
      <class name="PageObject.gitHub_Login">
        <test-method status="PASS" signature="beforeSuite()[pri:0, instance:PageObject.gitHub_Login@1b410b60]" name="beforeSuite" is-config="true" duration-ms="51" started-at="2021-03-23T18:25:31 IST" finished-at="2021-03-23T18:25:31 IST">
          <reporter-output>
          </reporter-output>
        </test-method> <!-- beforeSuite -->
        <test-method status="PASS" signature="beforeclass()[pri:0, instance:PageObject.gitHub_Login@1b410b60]" name="beforeclass" is-config="true" duration-ms="24430" started-at="2021-03-23T18:25:31 IST" finished-at="2021-03-23T18:25:55 IST">
          <reporter-output>
          </reporter-output>
        </test-method> <!-- beforeclass -->
        <test-method status="PASS" signature="login()[pri:0, instance:PageObject.gitHub_Login@1b410b60]" name="login" duration-ms="1607" started-at="2021-03-23T18:25:55 IST" finished-at="2021-03-23T18:25:57 IST">
          <reporter-output>
          </reporter-output>
        </test-method> <!-- login -->
        <test-method status="PASS" signature="closeBrosers()[pri:0, instance:PageObject.gitHub_Login@1b410b60]" name="closeBrosers" is-config="true" duration-ms="5425" started-at="2021-03-23T18:25:57 IST" finished-at="2021-03-23T18:26:02 IST">
          <reporter-output>
          </reporter-output>
        </test-method> <!-- closeBrosers -->
      </class> <!-- PageObject.gitHub_Login -->
    </test> <!-- Default test -->
  </suite> <!-- Default suite -->
</testng-results>
